<?xml version="1.0" encoding="UTF-8"?>
<!-- Generated by org.testng.reporters.JUnitXMLReporter -->
<testsuite hostname="MUMW7L249" ignored="1" name="Default test" tests="4" failures="0" timestamp="24 Apr 2017 07:22:10 GMT" time="193.484" errors="0">
  <testcase name="loginCEC_NGTest" time="1.988" classname="com.lcec.automationScript.UserManger.CreatUserScript"/>
  <testcase name="loginlCEC_Test" time="2.55" classname="com.lcec.automationScript.UserManger.CreatUserScript"/>
  <testcase name="backButtionTest" time="18.351" classname="com.lcec.automationScript.UserManger.CreatUserScript"/>
  <testcase name="createNewUserTest" time="82.27" classname="com.lcec.automationScript.UserManger.CreatUserScript"/>
  <testcase name="requiredFieldTest" time="0.0" classname="com.lcec.automationScript.UserManger.CreatUserScript">
    <ignored/>
  </testcase> <!-- requiredFieldTest -->
</testsuite> <!-- Default test -->
