<?xml version="1.0" encoding="UTF-8"?>
<!-- Generated by org.testng.reporters.JUnitXMLReporter -->
<testsuite hostname="MUMW7L249" ignored="2" name="Test" tests="8" failures="0" timestamp="24 Apr 2017 07:46:38 GMT" time="281.662" errors="0">
  <testcase name="loginCEC_NGTest" time="1.973" classname="com.lcec.automationScript.UserManger.CreatUserScript"/>
  <testcase name="loginlCEC_Test" time="2.725" classname="com.lcec.automationScript.UserManger.CreatUserScript"/>
  <testcase name="backButtionTest" time="21.841" classname="com.lcec.automationScript.UserManger.CreatUserScript"/>
  <testcase name="createNewUserTest" time="84.066" classname="com.lcec.automationScript.UserManger.CreatUserScript"/>
  <testcase name="requiredFieldTest" time="17.672" classname="com.lcec.automationScript.UserManger.CreatUserScript"/>
  <testcase name="searchUserTest" time="22.711" classname="com.lcec.automationScript.UserManger.SearchUserScript"/>
  <testcase name="allPermissionTest" time="75.037" classname="com.lcec.automationScript.UserManger.SearchUserScript"/>
  <testcase name="getRestPasswordTest" time="27.235" classname="com.lcec.automationScript.UserManger.SearchUserScript"/>
  <testcase name="@AfterTest loadAllTestLogor" time="0.0" classname="com.lcec.utility.BrowserMethods">
    <ignored/>
  </testcase> <!-- @AfterTest loadAllTestLogor -->
  <testcase name="@BeforeTest createHtmltView" time="0.0" classname="com.lcec.utility.BrowserMethods">
    <ignored/>
  </testcase> <!-- @BeforeTest createHtmltView -->
</testsuite> <!-- Test -->
