<?xml version="1.0" encoding="UTF-8"?>
<!-- Generated by org.testng.reporters.JUnitXMLReporter -->
<testsuite hostname="MUMW7L249" ignored="0" name="UserManger and SearchManger Test" tests="65" failures="0" timestamp="19 Apr 2017 12:27:49 GMT" time="383.481" errors="0">
  <testcase name="loginCEC_Test" time="14.955" classname="com.lcec.automationScript.userManger.UserManagerScript"/>
  <testcase name="backButtionTest" time="40.692" classname="com.lcec.automationScript.userManger.UserManagerScript"/>
  <testcase name="createNewUserTest" time="93.711" classname="com.lcec.automationScript.userManger.UserManagerScript"/>
  <testcase name="requiredFieldTest" time="41.722" classname="com.lcec.automationScript.userManger.UserManagerScript"/>
  <testcase name="searchUserTest" time="31.749" classname="com.lcec.automationScript.userManger.SearchManagerScript"/>
  <testcase name="allPermisionSendToDataSheet" time="90.81" classname="com.lcec.automationScript.userManger.SearchManagerScript"/>
  <testcase name="grantAdministratorPermissionsTest" time="0.0" classname="com.lcec.automationScript.userManger.SearchManagerScript"/>
  <testcase name="grantAdministratorPermissionsTest" time="0.002" classname="com.lcec.automationScript.userManger.SearchManagerScript"/>
  <testcase name="grantAdministratorPermissionsTest" time="0.003" classname="com.lcec.automationScript.userManger.SearchManagerScript"/>
  <testcase name="grantAdministratorPermissionsTest" time="0.002" classname="com.lcec.automationScript.userManger.SearchManagerScript"/>
  <testcase name="grantAdministratorPermissionsTest" time="0.007" classname="com.lcec.automationScript.userManger.SearchManagerScript"/>
  <testcase name="grantAdministratorPermissionsTest" time="0.002" classname="com.lcec.automationScript.userManger.SearchManagerScript"/>
  <testcase name="grantAdministratorPermissionsTest" time="0.0" classname="com.lcec.automationScript.userManger.SearchManagerScript"/>
  <testcase name="grantAdministratorPermissionsTest" time="0.004" classname="com.lcec.automationScript.userManger.SearchManagerScript"/>
  <testcase name="grantAdministratorPermissionsTest" time="0.005" classname="com.lcec.automationScript.userManger.SearchManagerScript"/>
  <testcase name="grantAdministratorPermissionsTest" time="0.003" classname="com.lcec.automationScript.userManger.SearchManagerScript"/>
  <testcase name="grantAdministratorPermissionsTest" time="0.003" classname="com.lcec.automationScript.userManger.SearchManagerScript"/>
  <testcase name="grantAdministratorPermissionsTest" time="0.003" classname="com.lcec.automationScript.userManger.SearchManagerScript"/>
  <testcase name="grantAdministratorPermissionsTest" time="0.002" classname="com.lcec.automationScript.userManger.SearchManagerScript"/>
  <testcase name="grantAdministratorPermissionsTest" time="0.002" classname="com.lcec.automationScript.userManger.SearchManagerScript"/>
  <testcase name="grantAdministratorPermissionsTest" time="0.003" classname="com.lcec.automationScript.userManger.SearchManagerScript"/>
  <testcase name="grantAdministratorPermissionsTest" time="0.003" classname="com.lcec.automationScript.userManger.SearchManagerScript"/>
  <testcase name="grantAdministratorPermissionsTest" time="0.002" classname="com.lcec.automationScript.userManger.SearchManagerScript"/>
  <testcase name="grantAdministratorPermissionsTest" time="0.002" classname="com.lcec.automationScript.userManger.SearchManagerScript"/>
  <testcase name="grantAdministratorPermissionsTest" time="0.002" classname="com.lcec.automationScript.userManger.SearchManagerScript"/>
  <testcase name="grantAdministratorPermissionsTest" time="0.002" classname="com.lcec.automationScript.userManger.SearchManagerScript"/>
  <testcase name="grantAdministratorPermissionsTest" time="0.002" classname="com.lcec.automationScript.userManger.SearchManagerScript"/>
  <testcase name="grantAdministratorPermissionsTest" time="0.002" classname="com.lcec.automationScript.userManger.SearchManagerScript"/>
  <testcase name="grantAdministratorPermissionsTest" time="0.0" classname="com.lcec.automationScript.userManger.SearchManagerScript"/>
  <testcase name="grantAdministratorPermissionsTest" time="0.002" classname="com.lcec.automationScript.userManger.SearchManagerScript"/>
  <testcase name="grantAdministratorPermissionsTest" time="0.0" classname="com.lcec.automationScript.userManger.SearchManagerScript"/>
  <testcase name="grantAdministratorPermissionsTest" time="0.0" classname="com.lcec.automationScript.userManger.SearchManagerScript"/>
  <testcase name="grantAdministratorPermissionsTest" time="0.004" classname="com.lcec.automationScript.userManger.SearchManagerScript"/>
  <testcase name="grantAdministratorPermissionsTest" time="0.003" classname="com.lcec.automationScript.userManger.SearchManagerScript"/>
  <testcase name="grantAdministratorPermissionsTest" time="0.002" classname="com.lcec.automationScript.userManger.SearchManagerScript"/>
  <testcase name="grantAdministratorPermissionsTest" time="0.01" classname="com.lcec.automationScript.userManger.SearchManagerScript"/>
  <testcase name="grantAdministratorPermissionsTest" time="0.005" classname="com.lcec.automationScript.userManger.SearchManagerScript"/>
  <testcase name="grantAdministratorPermissionsTest" time="0.0" classname="com.lcec.automationScript.userManger.SearchManagerScript"/>
  <testcase name="grantAdministratorPermissionsTest" time="0.01" classname="com.lcec.automationScript.userManger.SearchManagerScript"/>
  <testcase name="grantAdministratorPermissionsTest" time="0.002" classname="com.lcec.automationScript.userManger.SearchManagerScript"/>
  <testcase name="grantAdministratorPermissionsTest" time="0.0" classname="com.lcec.automationScript.userManger.SearchManagerScript"/>
  <testcase name="grantAdministratorPermissionsTest" time="0.0" classname="com.lcec.automationScript.userManger.SearchManagerScript"/>
  <testcase name="grantAdministratorPermissionsTest" time="0.0" classname="com.lcec.automationScript.userManger.SearchManagerScript"/>
  <testcase name="grantAdministratorPermissionsTest" time="0.0" classname="com.lcec.automationScript.userManger.SearchManagerScript"/>
  <testcase name="grantAdministratorPermissionsTest" time="0.0" classname="com.lcec.automationScript.userManger.SearchManagerScript"/>
  <testcase name="grantAdministratorPermissionsTest" time="0.002" classname="com.lcec.automationScript.userManger.SearchManagerScript"/>
  <testcase name="grantAdministratorPermissionsTest" time="0.0" classname="com.lcec.automationScript.userManger.SearchManagerScript"/>
  <testcase name="grantAdministratorPermissionsTest" time="0.0" classname="com.lcec.automationScript.userManger.SearchManagerScript"/>
  <testcase name="grantAdministratorPermissionsTest" time="0.0" classname="com.lcec.automationScript.userManger.SearchManagerScript"/>
  <testcase name="grantAdministratorPermissionsTest" time="0.003" classname="com.lcec.automationScript.userManger.SearchManagerScript"/>
  <testcase name="grantAdministratorPermissionsTest" time="0.0" classname="com.lcec.automationScript.userManger.SearchManagerScript"/>
  <testcase name="grantAdministratorPermissionsTest" time="0.0" classname="com.lcec.automationScript.userManger.SearchManagerScript"/>
  <testcase name="grantAdministratorPermissionsTest" time="0.0" classname="com.lcec.automationScript.userManger.SearchManagerScript"/>
  <testcase name="grantAdministratorPermissionsTest" time="0.01" classname="com.lcec.automationScript.userManger.SearchManagerScript"/>
  <testcase name="grantAdministratorPermissionsTest" time="0.0" classname="com.lcec.automationScript.userManger.SearchManagerScript"/>
  <testcase name="grantAdministratorPermissionsTest" time="0.003" classname="com.lcec.automationScript.userManger.SearchManagerScript"/>
  <testcase name="grantAdministratorPermissionsTest" time="0.0" classname="com.lcec.automationScript.userManger.SearchManagerScript"/>
  <testcase name="grantAdministratorPermissionsTest" time="0.0" classname="com.lcec.automationScript.userManger.SearchManagerScript"/>
  <testcase name="grantAdministratorPermissionsTest" time="0.001" classname="com.lcec.automationScript.userManger.SearchManagerScript"/>
  <testcase name="grantAdministratorPermissionsTest" time="0.0" classname="com.lcec.automationScript.userManger.SearchManagerScript"/>
  <testcase name="grantAdministratorPermissionsTest" time="0.01" classname="com.lcec.automationScript.userManger.SearchManagerScript"/>
  <testcase name="grantAdministratorPermissionsTest" time="0.001" classname="com.lcec.automationScript.userManger.SearchManagerScript"/>
  <testcase name="grantAdministratorPermissionsTest" time="0.012" classname="com.lcec.automationScript.userManger.SearchManagerScript"/>
  <testcase name="grantAdministratorPermissionsTest" time="0.0" classname="com.lcec.automationScript.userManger.SearchManagerScript"/>
  <testcase name="getRestPasswordTest" time="32.159" classname="com.lcec.automationScript.userManger.SearchManagerScript"/>
</testsuite> <!-- UserManger and SearchManger Test -->
